e:\pinballpro\pinballpro\pinballv0.5b0001\pinballv0.5b0001\x64\debug\qrc_pinballv05b0001.obj
e:\pinballpro\pinballpro\pinballv0.5b0001\pinballv0.5b0001\x64\debug\main.obj
e:\pinballpro\pinballpro\pinballv0.5b0001\pinballv0.5b0001\x64\debug\moc_pinballv05b0001.obj
e:\pinballpro\pinballpro\pinballv0.5b0001\pinballv0.5b0001\x64\debug\moc_logiccontroller.obj
e:\pinballpro\pinballpro\pinballv0.5b0001\pinballv0.5b0001\x64\debug\logiccontroller.obj
e:\pinballpro\pinballpro\pinballv0.5b0001\pinballv0.5b0001\x64\debug\pinballv05b0001.obj
e:\pinballpro\pinballpro\pinballv0.5b0001\pinballv0.5b0001\x64\debug\soundeffect.obj
e:\pinballpro\pinballpro\pinballv0.5b0001\pinballv0.5b0001\x64\debug\bgm.obj
e:\pinballpro\pinballpro\pinballv0.5b0001\pinballv0.5b0001\x64\debug\moc_soundeffect.obj
e:\pinballpro\pinballpro\pinballv0.5b0001\pinballv0.5b0001\x64\debug\moc_bgm.obj
e:\pinballpro\pinballpro\pinballv0.5b0001\pinballv0.5b0001\x64\debug\qrc_music.obj
e:\pinballpro\pinballpro\pinballv0.5b0001\pinballv0.5b0001\x64\debug\vc140.pdb
e:\pinballpro\pinballpro\pinballv0.5b0001\x64\debug\pinballv0.5b0001.ilk
e:\pinballpro\pinballpro\pinballv0.5b0001\x64\debug\pinballv0.5b0001.exe
e:\pinballpro\pinballpro\pinballv0.5b0001\x64\debug\pinballv0.5b0001.pdb
e:\pinballpro\pinballpro\pinballv0.5b0001\pinballv0.5b0001\generatedfiles\debug\moc_pinballv05b0001.cpp
e:\pinballpro\pinballpro\pinballv0.5b0001\pinballv0.5b0001\generatedfiles\debug\moc_logiccontroller.cpp
e:\pinballpro\pinballpro\pinballv0.5b0001\pinballv0.5b0001\generatedfiles\qrc_pinballv05b0001.cpp
e:\pinballpro\pinballpro\pinballv0.5b0001\pinballv0.5b0001\generatedfiles\ui_pinballv05b0001.h
e:\pinballpro\pinballpro\pinballv0.5b0001\pinballv0.5b0001\generatedfiles\debug\moc_bgm.cpp
e:\pinballpro\pinballpro\pinballv0.5b0001\pinballv0.5b0001\generatedfiles\debug\moc_soundeffect.cpp
e:\pinballpro\pinballpro\pinballv0.5b0001\pinballv0.5b0001\generatedfiles\qrc_music.cpp
e:\pinballpro\pinballpro\pinballv0.5b0001\pinballv0.5b0001\x64\debug\pinballv0.5b0001.res
e:\pinballpro\pinballpro\pinballv0.5b0001\pinballv0.5b0001\x64\debug\pinballv0.5b0001.tlog\cl.command.1.tlog
e:\pinballpro\pinballpro\pinballv0.5b0001\pinballv0.5b0001\x64\debug\pinballv0.5b0001.tlog\cl.read.1.tlog
e:\pinballpro\pinballpro\pinballv0.5b0001\pinballv0.5b0001\x64\debug\pinballv0.5b0001.tlog\cl.write.1.tlog
e:\pinballpro\pinballpro\pinballv0.5b0001\pinballv0.5b0001\x64\debug\pinballv0.5b0001.tlog\link-cvtres.read.1.tlog
e:\pinballpro\pinballpro\pinballv0.5b0001\pinballv0.5b0001\x64\debug\pinballv0.5b0001.tlog\link-cvtres.write.1.tlog
e:\pinballpro\pinballpro\pinballv0.5b0001\pinballv0.5b0001\x64\debug\pinballv0.5b0001.tlog\link-rc.read.1.tlog
e:\pinballpro\pinballpro\pinballv0.5b0001\pinballv0.5b0001\x64\debug\pinballv0.5b0001.tlog\link-rc.write.1.tlog
e:\pinballpro\pinballpro\pinballv0.5b0001\pinballv0.5b0001\x64\debug\pinballv0.5b0001.tlog\link.13296-cvtres.read.1.tlog
e:\pinballpro\pinballpro\pinballv0.5b0001\pinballv0.5b0001\x64\debug\pinballv0.5b0001.tlog\link.13296-cvtres.write.1.tlog
e:\pinballpro\pinballpro\pinballv0.5b0001\pinballv0.5b0001\x64\debug\pinballv0.5b0001.tlog\link.13296-rc.read.1.tlog
e:\pinballpro\pinballpro\pinballv0.5b0001\pinballv0.5b0001\x64\debug\pinballv0.5b0001.tlog\link.13296-rc.write.1.tlog
e:\pinballpro\pinballpro\pinballv0.5b0001\pinballv0.5b0001\x64\debug\pinballv0.5b0001.tlog\link.13296.read.1.tlog
e:\pinballpro\pinballpro\pinballv0.5b0001\pinballv0.5b0001\x64\debug\pinballv0.5b0001.tlog\link.13296.write.1.tlog
e:\pinballpro\pinballpro\pinballv0.5b0001\pinballv0.5b0001\x64\debug\pinballv0.5b0001.tlog\link.command.1.tlog
e:\pinballpro\pinballpro\pinballv0.5b0001\pinballv0.5b0001\x64\debug\pinballv0.5b0001.tlog\link.read.1.tlog
e:\pinballpro\pinballpro\pinballv0.5b0001\pinballv0.5b0001\x64\debug\pinballv0.5b0001.tlog\link.write.1.tlog
e:\pinballpro\pinballpro\pinballv0.5b0001\pinballv0.5b0001\x64\debug\pinballv0.5b0001.tlog\pinballv0.5b0001.write.1u.tlog
e:\pinballpro\pinballpro\pinballv0.5b0001\pinballv0.5b0001\x64\debug\pinballv0.5b0001.tlog\rc.command.1.tlog
e:\pinballpro\pinballpro\pinballv0.5b0001\pinballv0.5b0001\x64\debug\pinballv0.5b0001.tlog\rc.read.1.tlog
e:\pinballpro\pinballpro\pinballv0.5b0001\pinballv0.5b0001\x64\debug\pinballv0.5b0001.tlog\rc.write.1.tlog
